[02-24 19:29:30] [login.cc:53] GetUserRequest failed with status 16: Invalid token received 
[02-24 21:48:26] [login.cc:53] GetUserRequest failed with status 16: Invalid token received 
[02-25 17:34:14] [login.cc:53] GetUserRequest failed with status 16: Invalid token received 
[02-27 22:06:23] [login.cc:53] GetUserRequest failed with status 16: Invalid token received 
[02-27 23:50:26] [login.cc:53] GetUserRequest failed with status 16: Invalid token received 
[02-29 07:33:39] [login.cc:53] GetUserRequest failed with status 16: Invalid token received 
[03-01 10:44:45] [login.cc:53] GetUserRequest failed with status 16: Invalid token received 
[03-02 00:16:30] [login.cc:53] GetUserRequest failed with status 16: Invalid token received 
[03-03 10:46:04] [login.cc:53] GetUserRequest failed with status 16: Invalid token received 
[03-04 00:16:29] [login.cc:53] GetUserRequest failed with status 16: Invalid token received 
[03-07 14:28:37] [login.cc:53] GetUserRequest failed with status 16: Invalid token received 
[03-08 10:17:44] [login.cc:53] GetUserRequest failed with status 16: Invalid token received 
[03-09 09:08:38] [login.cc:53] GetUserRequest failed with status 16: Invalid token received 
[03-10 11:22:21] [client.cc:20] GRPC Failed (error code UNAVAILABLE): failed to connect to all addresses; last error: UNAVAILABLE: ipv4:127.0.0.1:59016: WSA Error
[03-10 11:22:21] [sentry.cc:372] Trunk Internal Error
---
trunk_cli_version: 1.20.1
title: Internal trunk error occurred. Please report this issue to us @ https://slack.trunk.io
report:
  - "failed to connect to all addresses; last error: UNAVAILABLE: ipv4:127.0.0.1:59016: WSA Error"
[03-13 15:33:41] [client.cc:20] GRPC Failed (error code UNAVAILABLE): failed to connect to all addresses; last error: UNAVAILABLE: ipv4:127.0.0.1:59333: WSA Error
[03-13 15:33:41] [sentry.cc:372] Trunk Internal Error
---
trunk_cli_version: 1.20.1
title: Internal trunk error occurred. Please report this issue to us @ https://slack.trunk.io
report:
  - "failed to connect to all addresses; last error: UNAVAILABLE: ipv4:127.0.0.1:59333: WSA Error"
[03-16 20:06:06] [login.cc:53] GetUserRequest failed with status 16: Invalid token received 
[03-16 22:06:23] [login.cc:51] GetUserRequest failed with status 16: Invalid token received 
[03-18 09:55:18] [login.cc:51] GetUserRequest failed with status 16: Invalid token received 
[03-24 01:52:26] [login.cc:51] GetUserRequest failed with status 16: Invalid token received 
[03-24 11:15:47] [login.cc:51] GetUserRequest failed with status 16: Invalid token received 
[03-25 11:05:26] [login.cc:51] GetUserRequest failed with status 16: Invalid token received 
[03-26 12:18:41] [login.cc:51] GetUserRequest failed with status 16: Invalid token received 
[03-27 11:33:53] [login.cc:51] GetUserRequest failed with status 16: Invalid token received 
[03-28 11:04:41] [login.cc:51] GetUserRequest failed with status 16: Invalid token received 
[03-29 10:04:55] [login.cc:51] GetUserRequest failed with status 16: Invalid token received 
